  animsprite.cpp
  fish.cpp
C:\Users\29037\Desktop\oogp\oogp_sdl\SDL_Project__Template\fish.cpp(14,12): warning C4244: 'argument': conversion from 'time_t' to 'unsigned int', possible loss of data
C:\Users\29037\Desktop\oogp\oogp_sdl\SDL_Project__Template\fish.cpp(28,19): warning C4018: '<': signed/unsigned mismatch
C:\Users\29037\Desktop\oogp\oogp_sdl\SDL_Project__Template\fish.cpp(38,19): warning C4018: '<': signed/unsigned mismatch
C:\Users\29037\Desktop\oogp\oogp_sdl\SDL_Project__Template\fish.cpp(48,21): warning C4018: '<': signed/unsigned mismatch
C:\Users\29037\Desktop\oogp\oogp_sdl\SDL_Project__Template\fish.cpp(64,20): warning C4018: '<': signed/unsigned mismatch
C:\Users\29037\Desktop\oogp\oogp_sdl\SDL_Project__Template\fish.cpp(79,14): warning C4244: 'argument': conversion from 'time_t' to 'unsigned int', possible loss of data
C:\Users\29037\Desktop\oogp\oogp_sdl\SDL_Project__Template\fish.cpp(100,19): warning C4018: '<': signed/unsigned mismatch
  game.cpp
C:\Users\29037\Desktop\oogp\oogp_sdl\SDL_Project__Template\game.cpp(127,15): warning C4244: 'initializing': conversion from 'Uint32' to 'float', possible loss of data
C:\Users\29037\Desktop\oogp\oogp_sdl\SDL_Project__Template\game.cpp(144,20): warning C4018: '<': signed/unsigned mismatch
C:\Users\29037\Desktop\oogp\oogp_sdl\SDL_Project__Template\game.cpp(160,20): warning C4018: '<': signed/unsigned mismatch
C:\Users\29037\Desktop\oogp\oogp_sdl\SDL_Project__Template\game.cpp(182,20): warning C4018: '<': signed/unsigned mismatch
C:\Users\29037\Desktop\oogp\oogp_sdl\SDL_Project__Template\game.cpp(186,20): warning C4018: '<': signed/unsigned mismatch
C:\Users\29037\Desktop\oogp\oogp_sdl\SDL_Project__Template\game.cpp(211,21): warning C4244: 'argument': conversion from 'double' to 'Uint32', possible loss of data
C:\Users\29037\Desktop\oogp\oogp_sdl\SDL_Project__Template\game.cpp(217,19): warning C4018: '<': signed/unsigned mismatch
C:\Users\29037\Desktop\oogp\oogp_sdl\SDL_Project__Template\game.cpp(222,19): warning C4018: '<': signed/unsigned mismatch
  main.cpp
  Generating Code...
  SDL_Project__Template.vcxproj -> C:\Users\29037\Desktop\oogp\oogp_sdl\Debug\SDL_Project__Template.exe
